-------------------------------------------------------------------------------
Test set: praktikum.tests.ChangeUserDataTests
-------------------------------------------------------------------------------
Tests run: 3, Failures: 1, Errors: 0, Skipped: 0, Time elapsed: 6.805 s <<< FAILURE! - in praktikum.tests.ChangeUserDataTests
changeUserDataWithAuthWhenSendSameDataIsFailed(praktikum.tests.ChangeUserDataTests)  Time elapsed: 3.71 s  <<< FAILURE!
java.lang.AssertionError: 
1 expectation failed.
Expected status code <403> but was <200>.

	at praktikum.tests.ChangeUserDataTests.changeUserDataWithAuthWhenSendSameDataIsFailed(ChangeUserDataTests.java:72)

