-------------------------------------------------------------------------------
Test set: praktikum.tests.CreateOrderTests
-------------------------------------------------------------------------------
Tests run: 4, Failures: 1, Errors: 0, Skipped: 0, Time elapsed: 7.434 s <<< FAILURE! - in praktikum.tests.CreateOrderTests
createOrderWithoutAuthAndWithIngredientsIsFailed(praktikum.tests.CreateOrderTests)  Time elapsed: 1.542 s  <<< FAILURE!
java.lang.AssertionError: 
1 expectation failed.
Expected status code <400> but was <200>.

	at praktikum.tests.CreateOrderTests.createOrderWithoutAuthAndWithIngredientsIsFailed(CreateOrderTests.java:82)

